2026-04-05 15:08:31,198 - INFO - vedio(1)(1)(1)(1)(1)(1)(1)(1)(1)(1).mp4 moved to Videos
2026-04-05 15:08:31,199 - INFO - vedio(1)(1)(1)(1)(1)(1)(1)(1)(1)(1).mp4 moved to Videos
2026-04-05 15:08:31,203 - INFO - vedio(1)(1)(1)(1)(1)(1)(1)(1)(1)(1)(1).mp4 moved to Videos
2026-04-05 15:08:31,203 - INFO - vedio(1)(1)(1)(1)(1)(1)(1)(1)(1)(1)(1).mp4 moved to Videos
2026-04-05 15:08:31,207 - INFO - vedio(1)(1)(1)(1)(1)(1)(1)(1)(1)(1)(1)(1).mp4 moved to Videos
2026-04-05 15:08:31,207 - INFO - vedio(1)(1)(1)(1)(1)(1)(1)(1)(1)(1)(1)(1).mp4 moved to Videos
2026-04-05 15:08:31,212 - INFO - vedio(1)(1)(1)(1)(1)(1)(1)(1)(1)(1)(1)(1)(1).mp4 moved to Videos
2026-04-05 15:08:31,212 - INFO - vedio(1)(1)(1)(1)(1)(1)(1)(1)(1)(1)(1)(1)(1).mp4 moved to Videos
2026-04-05 15:08:31,216 - INFO - vedio(1)(1)(1)(1)(1)(1)(1)(1)(1)(1)(1)(1)(1)(1).mp4 moved to Videos
2026-04-05 15:08:31,217 - INFO - vedio(1)(1)(1)(1)(1)(1)(1)(1)(1)(1)(1)(1)(1)(1).mp4 moved to Videos
2026-04-05 15:14:33,985 - INFO - vedio(1)(1)(1)(1)(1)(1)(1)(1)(1)(1)(1)(1)(1)(1)(1).mp4 moved to Videos
2026-04-05 15:14:33,986 - INFO - vedio(1)(1)(1)(1)(1)(1)(1)(1)(1)(1)(1)(1)(1)(1)(1).mp4 moved to Videos
2026-04-05 15:14:33,993 - INFO - vedio(1)(1)(1)(1)(1)(1)(1)(1)(1)(1)(1)(1)(1)(1)(1)(1).mp4 moved to Videos
2026-04-05 15:14:33,993 - INFO - vedio(1)(1)(1)(1)(1)(1)(1)(1)(1)(1)(1)(1)(1)(1)(1)(1).mp4 moved to Videos
2026-04-05 15:14:33,999 - INFO - vedio(1)(1)(1)(1)(1)(1)(1)(1)(1)(1)(1)(1)(1)(1)(1)(1)(1).mp4 moved to Videos
2026-04-05 15:14:33,999 - INFO - vedio(1)(1)(1)(1)(1)(1)(1)(1)(1)(1)(1)(1)(1)(1)(1)(1)(1).mp4 moved to Videos
2026-04-05 15:14:34,008 - INFO - vedio(1)(1)(1)(1)(1)(1)(1)(1)(1)(1)(1)(1)(1)(1)(1)(1)(1)(1).mp4 moved to Videos
2026-04-05 15:14:34,008 - INFO - vedio(1)(1)(1)(1)(1)(1)(1)(1)(1)(1)(1)(1)(1)(1)(1)(1)(1)(1).mp4 moved to Videos
2026-04-05 15:14:34,015 - INFO - vedio(1)(1)(1)(1)(1)(1)(1)(1)(1)(1)(1)(1)(1)(1)(1)(1)(1)(1)(1).mp4 moved to Videos
2026-04-05 15:14:34,015 - INFO - vedio(1)(1)(1)(1)(1)(1)(1)(1)(1)(1)(1)(1)(1)(1)(1)(1)(1)(1)(1).mp4 moved to Videos
2026-04-05 17:33:23,965 - INFO - vedio(1)(1)(1)(1)(1)(1)(1)(1)(1)(1)(1)(1)(1)(1)(1)(1)(1)(1)(1)(1).mp4 moved to Videos
2026-04-05 17:33:23,966 - INFO - vedio(1)(1)(1)(1)(1)(1)(1)(1)(1)(1)(1)(1)(1)(1)(1)(1)(1)(1)(1)(1).mp4 moved to Videos
2026-04-05 17:33:23,970 - INFO - Duplicate found: vedio(1)(1)(1)(1)(1)(1)(1)(1)(1)(1)(1)(1)(1)(1)(1)(1)(1)(1)(1)(1)(1).mp4 (same as vedio(1)(1)(1)(1)(1)(1)(1)(1)(1)(1)(1)(1)(1)(1)(1)(1)(1)(1)(1)(1).mp4)
2026-04-05 17:33:23,973 - INFO - Duplicate found: vedio(1)(1)(1)(1)(1)(1)(1)(1)(1)(1)(1)(1)(1)(1)(1)(1)(1)(1)(1)(1)(1).mp4 (same as vedio(1)(1)(1)(1)(1)(1)(1)(1)(1)(1)(1)(1)(1)(1)(1)(1)(1)(1)(1)(1).mp4)
2026-04-05 17:33:23,976 - INFO - Duplicate found: vedio(1)(1)(1)(1)(1)(1)(1)(1)(1)(1)(1)(1)(1)(1)(1)(1)(1)(1)(1)(1)(1).mp4 (same as vedio(1)(1)(1)(1)(1)(1)(1)(1)(1)(1)(1)(1)(1)(1)(1)(1)(1)(1)(1)(1).mp4)
2026-04-05 17:33:23,981 - INFO - Duplicate found: vedio(1)(1)(1)(1)(1)(1)(1)(1)(1)(1)(1)(1)(1)(1)(1)(1)(1)(1)(1)(1)(1).mp4 (same as vedio(1)(1)(1)(1)(1)(1)(1)(1)(1)(1)(1)(1)(1)(1)(1)(1)(1)(1)(1)(1).mp4)
2026-04-05 18:10:57,627 - INFO - vedio(1)(1)(1)(1)(1)(1)(1)(1)(1)(1)(1)(1)(1)(1)(1)(1)(1)(1)(1)(1)(1).mp4 moved to Videos
2026-04-05 18:10:57,632 - INFO - Duplicate found: vedio(1)(1)(1)(1)(1)(1)(1)(1)(1)(1)(1)(1)(1)(1)(1)(1)(1)(1)(1)(1)(1)(1).mp4 (same as vedio(1)(1)(1)(1)(1)(1)(1)(1)(1)(1)(1)(1)(1)(1)(1)(1)(1)(1)(1)(1)(1).mp4)
2026-04-05 18:10:57,635 - INFO - Duplicate found: vedio(1)(1)(1)(1)(1)(1)(1)(1)(1)(1)(1)(1)(1)(1)(1)(1)(1)(1)(1)(1)(1)(1).mp4 (same as vedio(1)(1)(1)(1)(1)(1)(1)(1)(1)(1)(1)(1)(1)(1)(1)(1)(1)(1)(1)(1)(1).mp4)
2026-04-05 18:10:57,639 - INFO - Duplicate found: vedio(1)(1)(1)(1)(1)(1)(1)(1)(1)(1)(1)(1)(1)(1)(1)(1)(1)(1)(1)(1)(1)(1).mp4 (same as vedio(1)(1)(1)(1)(1)(1)(1)(1)(1)(1)(1)(1)(1)(1)(1)(1)(1)(1)(1)(1)(1).mp4)
2026-04-05 18:10:57,643 - INFO - Duplicate found: vedio(1)(1)(1)(1)(1)(1)(1)(1)(1)(1)(1)(1)(1)(1)(1)(1)(1)(1)(1)(1)(1)(1).mp4 (same as vedio(1)(1)(1)(1)(1)(1)(1)(1)(1)(1)(1)(1)(1)(1)(1)(1)(1)(1)(1)(1)(1).mp4)
2026-04-05 23:23:20,516 - INFO - dog.png moved to Images
2026-04-05 23:23:20,516 - INFO - dog.png moved to Images
2026-04-05 23:23:20,517 - INFO - Duplicate found: gog.png (same as dog.png)
2026-04-05 23:23:21,018 - INFO - Duplicate found: gog.png (same as dog.png)
2026-04-05 23:24:20,734 - INFO - Duplicate found: gog.jpeg (same as dog.png)
2026-04-05 23:24:20,734 - INFO - Duplicate found: gog.png (same as dog.png)
